# JRE version: Java(TM) SE Runtime Environment (17.0.8+9) (build 17.0.8+9-LTS-211)
# Java VM: Java HotSpot(TM) 64-Bit Server VM (17.0.8+9-LTS-211, mixed mode, sharing, tiered, compressed oops, compressed class ptrs, g1 gc, linux-amd64)
GC Precious Log:
 CPUs: 12 total, 12 available
 Memory: 15612M
 Large Page Support: Disabled
 NUMA Support: Disabled
 Compressed Oops: Enabled (Zero based)
 Heap Region Size: 2M
 Heap Min Capacity: 8M
 Heap Initial Capacity: 244M
 Heap Max Capacity: 3904M
 Pre-touch: Disabled
 Parallel Workers: 10
 Concurrent Workers: 3
 Concurrent Refinement Workers: 10
 Periodic GC: Disabled
Heap:
 garbage-first heap   total 161792K, used 75208K [0x000000070c000000, 0x0000000800000000)
  region size 2048K, 10 young (20480K), 6 survivors (12288K)
 Metaspace       used 30453K, committed 30848K, reserved 1114112K
  class space    used 3839K, committed 4032K, reserved 1048576K
GC Heap History (20 events):
Event: 0.350 GC heap before
{Heap before GC invocations=0 (full 0):
 garbage-first heap   total 253952K, used 24556K [0x000000070c000000, 0x0000000800000000)
  region size 2048K, 11 young (22528K), 0 survivors (0K)
 Metaspace       used 3404K, committed 3712K, reserved 1114112K
  class space    used 343K, committed 512K, reserved 1048576K
}
Event: 0.353 GC heap after
{Heap after GC invocations=1 (full 0):
 garbage-first heap   total 253952K, used 3671K [0x000000070c000000, 0x0000000800000000)
  region size 2048K, 1 young (2048K), 1 survivors (2048K)
 Metaspace       used 3404K, committed 3712K, reserved 1114112K
  class space    used 343K, committed 512K, reserved 1048576K
}
Event: 0.772 GC heap before
{Heap before GC invocations=1 (full 0):
 garbage-first heap   total 253952K, used 61015K [0x000000070c000000, 0x0000000800000000)
  region size 2048K, 29 young (59392K), 1 survivors (2048K)
 Metaspace       used 10255K, committed 10496K, reserved 1114112K
  class space    used 1277K, committed 1408K, reserved 1048576K
}
Event: 0.776 GC heap after
{Heap after GC invocations=2 (full 0):
 garbage-first heap   total 253952K, used 5655K [0x000000070c000000, 0x0000000800000000)
  region size 2048K, 2 young (4096K), 2 survivors (4096K)
 Metaspace       used 10255K, committed 10496K, reserved 1114112K
  class space    used 1277K, committed 1408K, reserved 1048576K
}
Event: 1.611 GC heap before
{Heap before GC invocations=2 (full 0):
 garbage-first heap   total 253952K, used 124439K [0x000000070c000000, 0x0000000800000000)
  region size 2048K, 61 young (124928K), 2 survivors (4096K)
 Metaspace       used 21191K, committed 21504K, reserved 1114112K
  class space    used 2723K, committed 2880K, reserved 1048576K
}
Event: 1.620 GC heap after
{Heap after GC invocations=3 (full 0):
 garbage-first heap   total 253952K, used 9968K [0x000000070c000000, 0x0000000800000000)
  region size 2048K, 4 young (8192K), 4 survivors (8192K)
 Metaspace       used 21191K, committed 21504K, reserved 1114112K
  class space    used 2723K, committed 2880K, reserved 1048576K
}
Event: 1.888 GC heap before
{Heap before GC invocations=4 (full 0):
 garbage-first heap   total 49152K, used 36592K [0x000000070c000000, 0x0000000800000000)
  region size 2048K, 18 young (36864K), 4 survivors (8192K)
 Metaspace       used 24748K, committed 25152K, reserved 1114112K
  class space    used 3140K, committed 3328K, reserved 1048576K
}
Event: 1.894 GC heap after
{Heap after GC invocations=5 (full 0):
 garbage-first heap   total 51200K, used 12156K [0x000000070c000000, 0x0000000800000000)
  region size 2048K, 5 young (10240K), 5 survivors (10240K)
 Metaspace       used 24748K, committed 25152K, reserved 1114112K
  class space    used 3140K, committed 3328K, reserved 1048576K
}
Event: 2.044 GC heap before
{Heap before GC invocations=5 (full 0):
 garbage-first heap   total 51200K, used 32636K [0x000000070c000000, 0x0000000800000000)
  region size 2048K, 15 young (30720K), 5 survivors (10240K)
 Metaspace       used 26450K, committed 26880K, reserved 1114112K
  class space    used 3352K, committed 3520K, reserved 1048576K
}
Event: 2.051 GC heap after
{Heap after GC invocations=6 (full 0):
 garbage-first heap   total 51200K, used 13065K [0x000000070c000000, 0x0000000800000000)
  region size 2048K, 2 young (4096K), 2 survivors (4096K)
 Metaspace       used 26450K, committed 26880K, reserved 1114112K
  class space    used 3352K, committed 3520K, reserved 1048576K
}
Event: 25.580 GC heap before
{Heap before GC invocations=6 (full 0):
 garbage-first heap   total 51200K, used 35593K [0x000000070c000000, 0x0000000800000000)
  region size 2048K, 13 young (26624K), 2 survivors (4096K)
 Metaspace       used 29112K, committed 29632K, reserved 1114112K
  class space    used 3692K, committed 3968K, reserved 1048576K
}
Event: 25.583 GC heap after
{Heap after GC invocations=7 (full 0):
 garbage-first heap   total 51200K, used 14122K [0x000000070c000000, 0x0000000800000000)
  region size 2048K, 2 young (4096K), 2 survivors (4096K)
 Metaspace       used 29112K, committed 29632K, reserved 1114112K
  class space    used 3692K, committed 3968K, reserved 1048576K
}
Event: 25.695 GC heap before
{Heap before GC invocations=7 (full 0):
 garbage-first heap   total 51200K, used 38698K [0x000000070c000000, 0x0000000800000000)
  region size 2048K, 12 young (24576K), 2 survivors (4096K)
 Metaspace       used 30424K, committed 30848K, reserved 1114112K
  class space    used 3837K, committed 4032K, reserved 1048576K
}
Event: 25.697 GC heap after
{Heap after GC invocations=8 (full 0):
 garbage-first heap   total 51200K, used 20569K [0x000000070c000000, 0x0000000800000000)
  region size 2048K, 2 young (4096K), 2 survivors (4096K)
 Metaspace       used 30424K, committed 30848K, reserved 1114112K
  class space    used 3837K, committed 4032K, reserved 1048576K
}
Event: 25.751 GC heap before
{Heap before GC invocations=8 (full 0):
 garbage-first heap   total 51200K, used 36953K [0x000000070c000000, 0x0000000800000000)
  region size 2048K, 10 young (20480K), 2 survivors (4096K)
 Metaspace       used 30424K, committed 30848K, reserved 1114112K
  class space    used 3837K, committed 4032K, reserved 1048576K
}
Event: 25.753 GC heap after
{Heap after GC invocations=9 (full 0):
 garbage-first heap   total 51200K, used 20606K [0x000000070c000000, 0x0000000800000000)
  region size 2048K, 1 young (2048K), 1 survivors (2048K)
 Metaspace       used 30424K, committed 30848K, reserved 1114112K
  class space    used 3837K, committed 4032K, reserved 1048576K
}
Event: 25.802 GC heap before
{Heap before GC invocations=9 (full 0):
 garbage-first heap   total 51200K, used 36990K [0x000000070c000000, 0x0000000800000000)
  region size 2048K, 9 young (18432K), 1 survivors (2048K)
 Metaspace       used 30424K, committed 30848K, reserved 1114112K
  class space    used 3837K, committed 4032K, reserved 1048576K
}
Event: 25.805 GC heap after
{Heap after GC invocations=10 (full 0):
 garbage-first heap   total 151552K, used 24338K [0x000000070c000000, 0x0000000800000000)
  region size 2048K, 2 young (4096K), 2 survivors (4096K)
 Metaspace       used 30424K, committed 30848K, reserved 1114112K
  class space    used 3837K, committed 4032K, reserved 1048576K
}
Event: 25.887 GC heap before
{Heap before GC invocations=10 (full 0):
 garbage-first heap   total 151552K, used 110354K [0x000000070c000000, 0x0000000800000000)
  region size 2048K, 44 young (90112K), 2 survivors (4096K)
 Metaspace       used 30439K, committed 30848K, reserved 1114112K
  class space    used 3837K, committed 4032K, reserved 1048576K
}
Event: 25.904 GC heap after
{Heap after GC invocations=11 (full 0):
 garbage-first heap   total 161792K, used 69064K [0x000000070c000000, 0x0000000800000000)
  region size 2048K, 6 young (12288K), 6 survivors (12288K)
 Metaspace       used 30439K, committed 30848K, reserved 1114112K
  class space    used 3837K, committed 4032K, reserved 1048576K
}

