# JRE version: Java(TM) SE Runtime Environment (17.0.8+9) (build 17.0.8+9-LTS-211)
# Java VM: Java HotSpot(TM) 64-Bit Server VM (17.0.8+9-LTS-211, mixed mode, sharing, tiered, compressed oops, compressed class ptrs, g1 gc, linux-amd64)
GC Precious Log:
 CPUs: 12 total, 12 available
 Memory: 15612M
 Large Page Support: Disabled
 NUMA Support: Disabled
 Compressed Oops: Enabled (Zero based)
 Heap Region Size: 2M
 Heap Min Capacity: 8M
 Heap Initial Capacity: 244M
 Heap Max Capacity: 3904M
 Pre-touch: Disabled
 Parallel Workers: 10
 Concurrent Workers: 3
 Concurrent Refinement Workers: 10
 Periodic GC: Disabled
Heap:
 garbage-first heap   total 161792K, used 76742K [0x000000070c000000, 0x0000000800000000)
  region size 2048K, 11 young (22528K), 6 survivors (12288K)
 Metaspace       used 30445K, committed 30912K, reserved 1114112K
  class space    used 3833K, committed 4032K, reserved 1048576K
GC Heap History (20 events):
Event: 0.359 GC heap before
{Heap before GC invocations=0 (full 0):
 garbage-first heap   total 253952K, used 24556K [0x000000070c000000, 0x0000000800000000)
  region size 2048K, 11 young (22528K), 0 survivors (0K)
 Metaspace       used 3461K, committed 3712K, reserved 1114112K
  class space    used 350K, committed 512K, reserved 1048576K
}
Event: 0.361 GC heap after
{Heap after GC invocations=1 (full 0):
 garbage-first heap   total 253952K, used 3660K [0x000000070c000000, 0x0000000800000000)
  region size 2048K, 1 young (2048K), 1 survivors (2048K)
 Metaspace       used 3461K, committed 3712K, reserved 1114112K
  class space    used 350K, committed 512K, reserved 1048576K
}
Event: 0.702 GC heap before
{Heap before GC invocations=1 (full 0):
 garbage-first heap   total 253952K, used 42572K [0x000000070c000000, 0x0000000800000000)
  region size 2048K, 20 young (40960K), 1 survivors (2048K)
 Metaspace       used 8125K, committed 8448K, reserved 1114112K
  class space    used 1013K, committed 1152K, reserved 1048576K
}
Event: 0.705 GC heap after
{Heap after GC invocations=2 (full 0):
 garbage-first heap   total 253952K, used 5070K [0x000000070c000000, 0x0000000800000000)
  region size 2048K, 2 young (4096K), 2 survivors (4096K)
 Metaspace       used 8125K, committed 8448K, reserved 1114112K
  class space    used 1013K, committed 1152K, reserved 1048576K
}
Event: 1.579 GC heap before
{Heap before GC invocations=2 (full 0):
 garbage-first heap   total 253952K, used 140238K [0x000000070c000000, 0x0000000800000000)
  region size 2048K, 69 young (141312K), 2 survivors (4096K)
 Metaspace       used 21179K, committed 21504K, reserved 1114112K
  class space    used 2715K, committed 2880K, reserved 1048576K
}
Event: 1.587 GC heap after
{Heap after GC invocations=3 (full 0):
 garbage-first heap   total 253952K, used 9954K [0x000000070c000000, 0x0000000800000000)
  region size 2048K, 4 young (8192K), 4 survivors (8192K)
 Metaspace       used 21179K, committed 21504K, reserved 1114112K
  class space    used 2715K, committed 2880K, reserved 1048576K
}
Event: 1.839 GC heap before
{Heap before GC invocations=4 (full 0):
 garbage-first heap   total 49152K, used 36578K [0x000000070c000000, 0x0000000800000000)
  region size 2048K, 18 young (36864K), 4 survivors (8192K)
 Metaspace       used 24727K, committed 25088K, reserved 1114112K
  class space    used 3135K, committed 3328K, reserved 1048576K
}
Event: 1.847 GC heap after
{Heap after GC invocations=5 (full 0):
 garbage-first heap   total 51200K, used 12135K [0x000000070c000000, 0x0000000800000000)
  region size 2048K, 5 young (10240K), 5 survivors (10240K)
 Metaspace       used 24727K, committed 25088K, reserved 1114112K
  class space    used 3135K, committed 3328K, reserved 1048576K
}
Event: 1.996 GC heap before
{Heap before GC invocations=5 (full 0):
 garbage-first heap   total 51200K, used 32615K [0x000000070c000000, 0x0000000800000000)
  region size 2048K, 15 young (30720K), 5 survivors (10240K)
 Metaspace       used 26373K, committed 26816K, reserved 1114112K
  class space    used 3341K, committed 3520K, reserved 1048576K
}
Event: 2.003 GC heap after
{Heap after GC invocations=6 (full 0):
 garbage-first heap   total 51200K, used 13275K [0x000000070c000000, 0x0000000800000000)
  region size 2048K, 2 young (4096K), 2 survivors (4096K)
 Metaspace       used 26373K, committed 26816K, reserved 1114112K
  class space    used 3341K, committed 3520K, reserved 1048576K
}
Event: 26.823 GC heap before
{Heap before GC invocations=6 (full 0):
 garbage-first heap   total 51200K, used 35803K [0x000000070c000000, 0x0000000800000000)
  region size 2048K, 13 young (26624K), 2 survivors (4096K)
 Metaspace       used 28968K, committed 29440K, reserved 1114112K
  class space    used 3671K, committed 3904K, reserved 1048576K
}
Event: 26.826 GC heap after
{Heap after GC invocations=7 (full 0):
 garbage-first heap   total 51200K, used 14387K [0x000000070c000000, 0x0000000800000000)
  region size 2048K, 2 young (4096K), 2 survivors (4096K)
 Metaspace       used 28968K, committed 29440K, reserved 1114112K
  class space    used 3671K, committed 3904K, reserved 1048576K
}
Event: 26.953 GC heap before
{Heap before GC invocations=7 (full 0):
 garbage-first heap   total 51200K, used 38963K [0x000000070c000000, 0x0000000800000000)
  region size 2048K, 12 young (24576K), 2 survivors (4096K)
 Metaspace       used 30416K, committed 30848K, reserved 1114112K
  class space    used 3831K, committed 4032K, reserved 1048576K
}
Event: 26.955 GC heap after
{Heap after GC invocations=8 (full 0):
 garbage-first heap   total 51200K, used 20722K [0x000000070c000000, 0x0000000800000000)
  region size 2048K, 2 young (4096K), 2 survivors (4096K)
 Metaspace       used 30416K, committed 30848K, reserved 1114112K
  class space    used 3831K, committed 4032K, reserved 1048576K
}
Event: 27.015 GC heap before
{Heap before GC invocations=8 (full 0):
 garbage-first heap   total 51200K, used 37106K [0x000000070c000000, 0x0000000800000000)
  region size 2048K, 10 young (20480K), 2 survivors (4096K)
 Metaspace       used 30416K, committed 30848K, reserved 1114112K
  class space    used 3831K, committed 4032K, reserved 1048576K
}
Event: 27.018 GC heap after
{Heap after GC invocations=9 (full 0):
 garbage-first heap   total 51200K, used 20765K [0x000000070c000000, 0x0000000800000000)
  region size 2048K, 1 young (2048K), 1 survivors (2048K)
 Metaspace       used 30416K, committed 30848K, reserved 1114112K
  class space    used 3831K, committed 4032K, reserved 1048576K
}
Event: 27.070 GC heap before
{Heap before GC invocations=9 (full 0):
 garbage-first heap   total 51200K, used 37149K [0x000000070c000000, 0x0000000800000000)
  region size 2048K, 9 young (18432K), 1 survivors (2048K)
 Metaspace       used 30416K, committed 30848K, reserved 1114112K
  class space    used 3831K, committed 4032K, reserved 1048576K
}
Event: 27.072 GC heap after
{Heap after GC invocations=10 (full 0):
 garbage-first heap   total 151552K, used 23516K [0x000000070c000000, 0x0000000800000000)
  region size 2048K, 2 young (4096K), 2 survivors (4096K)
 Metaspace       used 30416K, committed 30848K, reserved 1114112K
  class space    used 3831K, committed 4032K, reserved 1048576K
}
Event: 27.154 GC heap before
{Heap before GC invocations=10 (full 0):
 garbage-first heap   total 151552K, used 109532K [0x000000070c000000, 0x0000000800000000)
  region size 2048K, 44 young (90112K), 2 survivors (4096K)
 Metaspace       used 30431K, committed 30848K, reserved 1114112K
  class space    used 3831K, committed 4032K, reserved 1048576K
}
Event: 27.172 GC heap after
{Heap after GC invocations=11 (full 0):
 garbage-first heap   total 161792K, used 68550K [0x000000070c000000, 0x0000000800000000)
  region size 2048K, 6 young (12288K), 6 survivors (12288K)
 Metaspace       used 30431K, committed 30848K, reserved 1114112K
  class space    used 3831K, committed 4032K, reserved 1048576K
}

